[DEBUG] 2025-02-15 20:03:41,377 TestNG.debug() - suiteXmlPath: "C:\Users\Creator\eclipse-workspace\Opencartv121\test.xml"
[DEBUG] 2025-02-15 20:03:49,412 PackageRelationshipCollection.parseRelationshipsPart() - Parsing relationship: /xl/_rels/workbook.xml.rels
[DEBUG] 2025-02-15 20:03:49,419 PackageRelationshipCollection.parseRelationshipsPart() - Parsing relationship: /xl/worksheets/_rels/sheet1.xml.rels
[DEBUG] 2025-02-15 20:03:49,430 PackageRelationshipCollection.parseRelationshipsPart() - Parsing relationship: /_rels/.rels
[INFO ] 2025-02-15 20:03:50,530 TC003_LoginDDT.verify_LoginDDT() - Started the TCOO3....
[INFO ] 2025-02-15 20:04:03,063 TC003_LoginDDT.verify_LoginDDT() - finished the TCOO3....
[INFO ] 2025-02-15 20:04:03,079 TC003_LoginDDT.verify_LoginDDT() - Started the TCOO3....
[INFO ] 2025-02-15 20:04:15,799 TC003_LoginDDT.verify_LoginDDT() - finished the TCOO3....
[INFO ] 2025-02-15 20:04:15,804 TC003_LoginDDT.verify_LoginDDT() - Started the TCOO3....
[INFO ] 2025-02-15 20:04:29,158 TC003_LoginDDT.verify_LoginDDT() - finished the TCOO3....
[INFO ] 2025-02-15 20:04:29,163 TC003_LoginDDT.verify_LoginDDT() - Started the TCOO3....
[INFO ] 2025-02-15 20:04:41,977 TC003_LoginDDT.verify_LoginDDT() - finished the TCOO3....
[INFO ] 2025-02-15 20:04:41,984 TC003_LoginDDT.verify_LoginDDT() - Started the TCOO3....
[INFO ] 2025-02-15 20:04:46,987 TC003_LoginDDT.verify_LoginDDT() - finished the TCOO3....
[INFO ] 2025-02-15 20:04:52,153 accountRegistrationTesttCase.verify_Accountregistration() - Started the TCOO1....
[INFO ] 2025-02-15 20:04:52,159 accountRegistrationTesttCase.verify_Accountregistration() - clicked on my account 
[INFO ] 2025-02-15 20:04:52,364 accountRegistrationTesttCase.verify_Accountregistration() - clicked on register 
[INFO ] 2025-02-15 20:04:53,003 accountRegistrationTesttCase.verify_Accountregistration() - providing the customer details
[INFO ] 2025-02-15 20:04:59,718 accountRegistrationTesttCase.verify_Accountregistration() - validating the getconfirmation message
[INFO ] 2025-02-15 20:05:09,814 accountRegistrationTesttCase.verify_Accountregistration() - TC001 execution is completed
[INFO ] 2025-02-15 20:05:14,280 LoginTestCase.verify_login() - Started the TCOO2....
[INFO ] 2025-02-15 20:05:14,281 LoginTestCase.verify_login() - clicked on my account 
[INFO ] 2025-02-15 20:05:14,481 LoginTestCase.verify_login() - clicked on login button 
[INFO ] 2025-02-15 20:05:16,859 LoginTestCase.verify_login() - finished the TCOO2....
